This file contains any messages produced by compilers while
running configure, to aid debugging if configure makes a mistake.

It was created by GD configure 2.0.34, which was
generated by GNU Autoconf 2.68.  Invocation command line was

  $ ./configure --prefix=/ffp

## --------- ##
## Platform. ##
## --------- ##

hostname = ARIANE
uname -m = armv5tejl
uname -r = 2.6.12.6-arm1
uname -s = Linux
uname -v = #30 Mon Aug 18 14:19:14 CST 2008

/usr/bin/uname -p = unknown
/bin/uname -X     = unknown

/bin/arch              = unknown
/usr/bin/arch -k       = unknown
/usr/convex/getsysinfo = unknown
/usr/bin/hostinfo      = unknown
/bin/machine           = unknown
/usr/bin/oslevel       = unknown
/bin/universe          = unknown

PATH: /ffp/sbin
PATH: /usr/sbin
PATH: /sbin
PATH: /ffp/bin
PATH: /usr/bin
PATH: /bin


## ----------- ##
## Core tests. ##
## ----------- ##

configure:2279: checking for a BSD-compatible install
configure:2347: result: /ffp/bin/install -c
configure:2358: checking whether build environment is sane
configure:2408: result: yes
configure:2549: checking for a thread-safe mkdir -p
configure:2588: result: /ffp/bin/mkdir -p
configure:2601: checking for gawk
configure:2617: found /ffp/bin/gawk
configure:2628: result: gawk
configure:2639: checking whether make sets $(MAKE)
configure:2661: result: yes
configure:2792: checking for gcc
configure:2808: found /ffp/bin/gcc
configure:2819: result: gcc
configure:3048: checking for C compiler version
configure:3057: gcc --version >&5
gcc (GCC) 4.5.4 20120202 (prerelease)
Copyright (C) 2010 Free Software Foundation, Inc.
This is free software; see the source for copying conditions.  There is NO
warranty; not even for MERCHANTABILITY or FITNESS FOR A PARTICULAR PURPOSE.

configure:3068: $? = 0
configure:3057: gcc -v >&5
Using built-in specs.
COLLECT_GCC=gcc
COLLECT_LTO_WRAPPER=/mnt/HD_a2/ffp/bin/../libexec/gcc/arm-ffp-linux-uclibc/4.5.4/lto-wrapper
Target: arm-ffp-linux-uclibc
Configured with: ../gcc-4.5-20120202/configure --prefix=/ffp --with-local-prefix=/ffp --build=arm-ffp-linux-uclibc --host=arm-ffp-linux-uclibc --disable-nls --enable-shared --enable-languages=c,c++ --enable-__cxa_atexit --enable-c99 --enable-long-long --enable-threads=posix --disable-multilib --with-system-zlib --enable-checking=release --with-float=soft
Thread model: posix
gcc version 4.5.4 20120202 (prerelease) (GCC) 
configure:3068: $? = 0
configure:3057: gcc -V >&5
gcc: '-V' option must have argument
configure:3068: $? = 1
configure:3057: gcc -qversion >&5
gcc: unrecognized option '-qversion'
gcc: no input files
configure:3068: $? = 1
configure:3088: checking whether the C compiler works
configure:3110: gcc    conftest.c  >&5
configure:3114: $? = 0
configure:3162: result: yes
configure:3165: checking for C compiler default output file name
configure:3167: result: a.out
configure:3173: checking for suffix of executables
configure:3180: gcc -o conftest    conftest.c  >&5
configure:3184: $? = 0
configure:3206: result: 
configure:3228: checking whether we are cross compiling
configure:3236: gcc -o conftest    conftest.c  >&5
configure:3240: $? = 0
configure:3247: ./conftest
configure:3251: $? = 0
configure:3266: result: no
configure:3271: checking for suffix of object files
configure:3293: gcc -c   conftest.c >&5
configure:3297: $? = 0
configure:3318: result: o
configure:3322: checking whether we are using the GNU C compiler
configure:3341: gcc -c   conftest.c >&5
configure:3341: $? = 0
configure:3350: result: yes
configure:3359: checking whether gcc accepts -g
configure:3379: gcc -c -g  conftest.c >&5
configure:3379: $? = 0
configure:3420: result: yes
configure:3437: checking for gcc option to accept ISO C89
configure:3501: gcc  -c -g -O2  conftest.c >&5
configure:3501: $? = 0
configure:3514: result: none needed
configure:3545: checking for style of include used by make
configure:3573: result: GNU
configure:3599: checking dependency style of gcc
configure:3710: result: gcc3
configure:3773: checking for gcc
configure:3800: result: gcc
configure:4029: checking for C compiler version
configure:4038: gcc --version >&5
gcc (GCC) 4.5.4 20120202 (prerelease)
Copyright (C) 2010 Free Software Foundation, Inc.
This is free software; see the source for copying conditions.  There is NO
warranty; not even for MERCHANTABILITY or FITNESS FOR A PARTICULAR PURPOSE.

configure:4049: $? = 0
configure:4038: gcc -v >&5
Using built-in specs.
COLLECT_GCC=gcc
COLLECT_LTO_WRAPPER=/mnt/HD_a2/ffp/bin/../libexec/gcc/arm-ffp-linux-uclibc/4.5.4/lto-wrapper
Target: arm-ffp-linux-uclibc
Configured with: ../gcc-4.5-20120202/configure --prefix=/ffp --with-local-prefix=/ffp --build=arm-ffp-linux-uclibc --host=arm-ffp-linux-uclibc --disable-nls --enable-shared --enable-languages=c,c++ --enable-__cxa_atexit --enable-c99 --enable-long-long --enable-threads=posix --disable-multilib --with-system-zlib --enable-checking=release --with-float=soft
Thread model: posix
gcc version 4.5.4 20120202 (prerelease) (GCC) 
configure:4049: $? = 0
configure:4038: gcc -V >&5
gcc: '-V' option must have argument
configure:4049: $? = 1
configure:4038: gcc -qversion >&5
gcc: unrecognized option '-qversion'
gcc: no input files
configure:4049: $? = 1
configure:4053: checking whether we are using the GNU C compiler
configure:4081: result: yes
configure:4090: checking whether gcc accepts -g
configure:4151: result: yes
configure:4168: checking for gcc option to accept ISO C89
configure:4245: result: none needed
configure:4267: checking dependency style of gcc
configure:4378: result: gcc3
configure:4426: checking build system type
configure:4440: result: armv5tejl-unknown-linux-uclibc
configure:4460: checking host system type
configure:4473: result: armv5tejl-unknown-linux-uclibc
configure:4514: checking how to print strings
configure:4541: result: printf
configure:4562: checking for a sed that does not truncate output
configure:4626: result: /ffp/bin/sed
configure:4644: checking for grep that handles long lines and -e
configure:4702: result: /ffp/bin/grep
configure:4707: checking for egrep
configure:4769: result: /ffp/bin/grep -E
configure:4774: checking for fgrep
configure:4836: result: /ffp/bin/grep -F
configure:4871: checking for ld used by gcc
configure:4938: result: /ffp/bin/ld
configure:4945: checking if the linker (/ffp/bin/ld) is GNU ld
configure:4960: result: yes
configure:4972: checking for BSD- or MS-compatible name lister (nm)
configure:5021: result: /ffp/bin/nm -B
configure:5151: checking the name lister (/ffp/bin/nm -B) interface
configure:5158: gcc -c -g -O2  conftest.c >&5
configure:5161: /ffp/bin/nm -B "conftest.o"
configure:5164: output
00000000 B some_variable
configure:5171: result: BSD nm
configure:5174: checking whether ln -s works
configure:5178: result: yes
configure:5186: checking the maximum length of command line arguments
configure:5316: result: 32768
configure:5333: checking whether the shell understands some XSI constructs
configure:5343: result: yes
configure:5347: checking whether the shell understands "+="
configure:5353: result: yes
configure:5388: checking how to convert armv5tejl-unknown-linux-uclibc file names to armv5tejl-unknown-linux-uclibc format
configure:5428: result: func_convert_file_noop
configure:5435: checking how to convert armv5tejl-unknown-linux-uclibc file names to toolchain format
configure:5455: result: func_convert_file_noop
configure:5462: checking for /ffp/bin/ld option to reload object files
configure:5469: result: -r
configure:5543: checking for objdump
configure:5559: found /ffp/bin/objdump
configure:5570: result: objdump
configure:5602: checking how to recognize dependent libraries
configure:5804: result: pass_all
configure:5889: checking for dlltool
configure:5919: result: no
configure:5949: checking how to associate runtime and link libraries
configure:5976: result: printf %s\n
configure:6037: checking for ar
configure:6053: found /ffp/bin/ar
configure:6064: result: ar
configure:6101: checking for archiver @FILE support
configure:6118: gcc -c -g -O2  conftest.c >&5
configure:6118: $? = 0
configure:6121: ar cru libconftest.a @conftest.lst >&5
configure:6124: $? = 0
configure:6129: ar cru libconftest.a @conftest.lst >&5
ar: conftest.o: No such file or directory
configure:6132: $? = 1
configure:6144: result: @
configure:6202: checking for strip
configure:6218: found /ffp/bin/strip
configure:6229: result: strip
configure:6301: checking for ranlib
configure:6317: found /ffp/bin/ranlib
configure:6328: result: ranlib
configure:6430: checking command to parse /ffp/bin/nm -B output from gcc object
configure:6550: gcc -c -g -O2  conftest.c >&5
configure:6553: $? = 0
configure:6557: /ffp/bin/nm -B conftest.o \| sed -n -e 's/^.*[ ]\([ABCDGIRSTW][ABCDGIRSTW]*\)[ ][ ]*\([_A-Za-z][_A-Za-z0-9]*\)$/\1 \2 \2/p' | sed '/ __gnu_lto/d' \> conftest.nm
configure:6560: $? = 0
configure:6626: gcc -o conftest -g -O2   conftest.c conftstm.o >&5
configure:6629: $? = 0
configure:6667: result: ok
configure:6704: checking for sysroot
configure:6734: result: no
configure:6990: checking for mt
configure:7020: result: no
configure:7040: checking if : is a manifest tool
configure:7046: : '-?'
configure:7054: result: no
configure:7696: checking how to run the C preprocessor
configure:7727: gcc -E  conftest.c
configure:7727: $? = 0
configure:7741: gcc -E  conftest.c
conftest.c:11:28: fatal error: ac_nonexistent.h: No such file or directory
compilation terminated.
configure:7741: $? = 1
configure: failed program was:
| /* confdefs.h */
| #define PACKAGE_NAME "GD"
| #define PACKAGE_TARNAME "gd"
| #define PACKAGE_VERSION "2.0.34"
| #define PACKAGE_STRING "GD 2.0.34"
| #define PACKAGE_BUGREPORT "http://bugs.libgd.org"
| #define PACKAGE_URL ""
| #define PACKAGE "gd"
| #define VERSION "2.0.34"
| /* end confdefs.h.  */
| #include <ac_nonexistent.h>
configure:7766: result: gcc -E
configure:7786: gcc -E  conftest.c
configure:7786: $? = 0
configure:7800: gcc -E  conftest.c
conftest.c:11:28: fatal error: ac_nonexistent.h: No such file or directory
compilation terminated.
configure:7800: $? = 1
configure: failed program was:
| /* confdefs.h */
| #define PACKAGE_NAME "GD"
| #define PACKAGE_TARNAME "gd"
| #define PACKAGE_VERSION "2.0.34"
| #define PACKAGE_STRING "GD 2.0.34"
| #define PACKAGE_BUGREPORT "http://bugs.libgd.org"
| #define PACKAGE_URL ""
| #define PACKAGE "gd"
| #define VERSION "2.0.34"
| /* end confdefs.h.  */
| #include <ac_nonexistent.h>
configure:7829: checking for ANSI C header files
configure:7849: gcc -c -g -O2  conftest.c >&5
configure:7849: $? = 0
configure:7922: gcc -o conftest -g -O2   conftest.c  >&5
configure:7922: $? = 0
configure:7922: ./conftest
configure:7922: $? = 0
configure:7933: result: yes
configure:7946: checking for sys/types.h
configure:7946: gcc -c -g -O2  conftest.c >&5
configure:7946: $? = 0
configure:7946: result: yes
configure:7946: checking for sys/stat.h
configure:7946: gcc -c -g -O2  conftest.c >&5
configure:7946: $? = 0
configure:7946: result: yes
configure:7946: checking for stdlib.h
configure:7946: gcc -c -g -O2  conftest.c >&5
configure:7946: $? = 0
configure:7946: result: yes
configure:7946: checking for string.h
configure:7946: gcc -c -g -O2  conftest.c >&5
configure:7946: $? = 0
configure:7946: result: yes
configure:7946: checking for memory.h
configure:7946: gcc -c -g -O2  conftest.c >&5
configure:7946: $? = 0
configure:7946: result: yes
configure:7946: checking for strings.h
configure:7946: gcc -c -g -O2  conftest.c >&5
configure:7946: $? = 0
configure:7946: result: yes
configure:7946: checking for inttypes.h
configure:7946: gcc -c -g -O2  conftest.c >&5
configure:7946: $? = 0
configure:7946: result: yes
configure:7946: checking for stdint.h
configure:7946: gcc -c -g -O2  conftest.c >&5
configure:7946: $? = 0
configure:7946: result: yes
configure:7946: checking for unistd.h
configure:7946: gcc -c -g -O2  conftest.c >&5
configure:7946: $? = 0
configure:7946: result: yes
configure:7960: checking for dlfcn.h
configure:7960: gcc -c -g -O2  conftest.c >&5
configure:7960: $? = 0
configure:7960: result: yes
configure:8166: checking for objdir
configure:8181: result: .libs
configure:8448: checking if gcc supports -fno-rtti -fno-exceptions
configure:8466: gcc -c -g -O2  -fno-rtti -fno-exceptions conftest.c >&5
cc1: warning: command line option "-fno-rtti" is valid for C++/ObjC++ but not for C
configure:8470: $? = 0
configure:8483: result: no
configure:8810: checking for gcc option to produce PIC
configure:8817: result: -fPIC -DPIC
configure:8825: checking if gcc PIC flag -fPIC -DPIC works
configure:8843: gcc -c -g -O2  -fPIC -DPIC -DPIC conftest.c >&5
configure:8847: $? = 0
configure:8860: result: yes
configure:8889: checking if gcc static flag -static works
configure:8917: result: yes
configure:8932: checking if gcc supports -c -o file.o
configure:8953: gcc -c -g -O2  -o out/conftest2.o conftest.c >&5
configure:8957: $? = 0
configure:8979: result: yes
configure:8987: checking if gcc supports -c -o file.o
configure:9034: result: yes
configure:9067: checking whether the gcc linker (/ffp/bin/ld) supports shared libraries
configure:10220: result: yes
configure:10257: checking whether -lc should be explicitly linked in
configure:10265: gcc -c -g -O2  conftest.c >&5
configure:10268: $? = 0
configure:10283: gcc -shared  -fPIC -DPIC conftest.o  -v -Wl,-soname -Wl,conftest -o conftest 2\>\&1 \| /ffp/bin/grep  -lc  \>/dev/null 2\>\&1
configure:10286: $? = 0
configure:10300: result: no
configure:10460: checking dynamic linker characteristics
configure:10971: gcc -o conftest -g -O2   -Wl,-rpath -Wl,/foo conftest.c  >&5
configure:10971: $? = 0
configure:11193: result: GNU/Linux ld.so
configure:11300: checking how to hardcode library paths into programs
configure:11325: result: immediate
configure:11865: checking whether stripping libraries is possible
configure:11870: result: yes
configure:11905: checking if libtool supports shared libraries
configure:11907: result: yes
configure:11910: checking whether to build shared libraries
configure:11931: result: yes
configure:11934: checking whether to build static libraries
configure:11938: result: yes
configure:11975: checking whether ln -s works
configure:11979: result: yes
configure:11986: checking whether make sets $(MAKE)
configure:12008: result: yes
configure:12019: checking for X
configure:12127: gcc -E  conftest.c
conftest.c:23:22: fatal error: X11/Xlib.h: No such file or directory
compilation terminated.
configure:12127: $? = 1
configure: failed program was:
| /* confdefs.h */
| #define PACKAGE_NAME "GD"
| #define PACKAGE_TARNAME "gd"
| #define PACKAGE_VERSION "2.0.34"
| #define PACKAGE_STRING "GD 2.0.34"
| #define PACKAGE_BUGREPORT "http://bugs.libgd.org"
| #define PACKAGE_URL ""
| #define PACKAGE "gd"
| #define VERSION "2.0.34"
| #define STDC_HEADERS 1
| #define HAVE_SYS_TYPES_H 1
| #define HAVE_SYS_STAT_H 1
| #define HAVE_STDLIB_H 1
| #define HAVE_STRING_H 1
| #define HAVE_MEMORY_H 1
| #define HAVE_STRINGS_H 1
| #define HAVE_INTTYPES_H 1
| #define HAVE_STDINT_H 1
| #define HAVE_UNISTD_H 1
| #define HAVE_DLFCN_H 1
| #define LT_OBJDIR ".libs/"
| /* end confdefs.h.  */
| #include <X11/Xlib.h>
configure:12158: gcc -o conftest -g -O2   conftest.c -lX11  >&5
conftest.c:23:22: fatal error: X11/Xlib.h: No such file or directory
compilation terminated.
configure:12158: $? = 1
configure: failed program was:
| /* confdefs.h */
| #define PACKAGE_NAME "GD"
| #define PACKAGE_TARNAME "gd"
| #define PACKAGE_VERSION "2.0.34"
| #define PACKAGE_STRING "GD 2.0.34"
| #define PACKAGE_BUGREPORT "http://bugs.libgd.org"
| #define PACKAGE_URL ""
| #define PACKAGE "gd"
| #define VERSION "2.0.34"
| #define STDC_HEADERS 1
| #define HAVE_SYS_TYPES_H 1
| #define HAVE_SYS_STAT_H 1
| #define HAVE_STDLIB_H 1
| #define HAVE_STRING_H 1
| #define HAVE_MEMORY_H 1
| #define HAVE_STRINGS_H 1
| #define HAVE_INTTYPES_H 1
| #define HAVE_STDINT_H 1
| #define HAVE_UNISTD_H 1
| #define HAVE_DLFCN_H 1
| #define LT_OBJDIR ".libs/"
| /* end confdefs.h.  */
| #include <X11/Xlib.h>
| int
| main ()
| {
| XrmInitialize ()
|   ;
|   return 0;
| }
configure:12197: result: no
configure:12220: checking for ANSI C header files
configure:12324: result: yes
configure:12335: checking errno.h usability
configure:12335: gcc -c -g -O2  conftest.c >&5
configure:12335: $? = 0
configure:12335: result: yes
configure:12335: checking errno.h presence
configure:12335: gcc -E  conftest.c
configure:12335: $? = 0
configure:12335: result: yes
configure:12335: checking for errno.h
configure:12335: result: yes
configure:12335: checking limits.h usability
configure:12335: gcc -c -g -O2  conftest.c >&5
configure:12335: $? = 0
configure:12335: result: yes
configure:12335: checking limits.h presence
configure:12335: gcc -E  conftest.c
configure:12335: $? = 0
configure:12335: result: yes
configure:12335: checking for limits.h
configure:12335: result: yes
configure:12335: checking stddef.h usability
configure:12335: gcc -c -g -O2  conftest.c >&5
configure:12335: $? = 0
configure:12335: result: yes
configure:12335: checking stddef.h presence
configure:12335: gcc -E  conftest.c
configure:12335: $? = 0
configure:12335: result: yes
configure:12335: checking for stddef.h
configure:12335: result: yes
configure:12335: checking for stdlib.h
configure:12335: result: yes
configure:12335: checking for string.h
configure:12335: result: yes
configure:12335: checking for unistd.h
configure:12335: result: yes
configure:12386: checking for ld used by GCC
configure:12450: result: /ffp/bin/ld
configure:12457: checking if the linker (/ffp/bin/ld) is GNU ld
configure:12470: result: yes
configure:12477: checking for shared library run path origin
configure:12490: result: done
configure:13068: checking for iconv
configure:13090: gcc -o conftest -g -O2   conftest.c  >&5
/tmp/ccQQuG16.o: In function `main':
/mnt/HD_a2/www/pages/sports/libgd-gd-libgd-41ec485f5a30/src/conftest.c:35: undefined reference to `libiconv_open'
/mnt/HD_a2/www/pages/sports/libgd-gd-libgd-41ec485f5a30/src/conftest.c:36: undefined reference to `libiconv'
/mnt/HD_a2/www/pages/sports/libgd-gd-libgd-41ec485f5a30/src/conftest.c:37: undefined reference to `libiconv_close'
collect2: ld returned 1 exit status
configure:13090: $? = 1
configure: failed program was:
| /* confdefs.h */
| #define PACKAGE_NAME "GD"
| #define PACKAGE_TARNAME "gd"
| #define PACKAGE_VERSION "2.0.34"
| #define PACKAGE_STRING "GD 2.0.34"
| #define PACKAGE_BUGREPORT "http://bugs.libgd.org"
| #define PACKAGE_URL ""
| #define PACKAGE "gd"
| #define VERSION "2.0.34"
| #define STDC_HEADERS 1
| #define HAVE_SYS_TYPES_H 1
| #define HAVE_SYS_STAT_H 1
| #define HAVE_STDLIB_H 1
| #define HAVE_STRING_H 1
| #define HAVE_MEMORY_H 1
| #define HAVE_STRINGS_H 1
| #define HAVE_INTTYPES_H 1
| #define HAVE_STDINT_H 1
| #define HAVE_UNISTD_H 1
| #define HAVE_DLFCN_H 1
| #define LT_OBJDIR ".libs/"
| #define STDC_HEADERS 1
| #define HAVE_ERRNO_H 1
| #define HAVE_LIMITS_H 1
| #define HAVE_STDDEF_H 1
| #define HAVE_STDLIB_H 1
| #define HAVE_STRING_H 1
| #define HAVE_UNISTD_H 1
| /* end confdefs.h.  */
| #include <stdlib.h>
| #include <iconv.h>
| int
| main ()
| {
| iconv_t cd = iconv_open("","");
|        iconv(cd,NULL,NULL,NULL,NULL);
|        iconv_close(cd);
|   ;
|   return 0;
| }
configure:13112: gcc -o conftest -g -O2   conftest.c  -liconv >&5
configure:13112: $? = 0
configure:13122: result: yes
configure:13125: checking for working iconv
configure:13220: gcc -o conftest -g -O2   conftest.c  -liconv >&5
configure:13220: $? = 0
configure:13220: ./conftest
configure:13220: $? = 0
configure:13232: result: yes
configure:13247: checking how to link with libiconv
configure:13249: result: -liconv
configure:13260: checking for iconv declaration
configure:13289: gcc -c -g -O2  conftest.c >&5
configure:13289: $? = 0
configure:13300: result:
         extern size_t iconv (iconv_t cd, char * *inbuf, size_t *inbytesleft, char * *outbuf, size_t *outbytesleft);
configure:13316: checking iconv.h usability
configure:13316: gcc -c -g -O2  conftest.c >&5
configure:13316: $? = 0
configure:13316: result: yes
configure:13316: checking iconv.h presence
configure:13316: gcc -E  conftest.c
configure:13316: $? = 0
configure:13316: result: yes
configure:13316: checking for iconv.h
configure:13316: result: yes
configure:13321: checking whether iconv.h defines iconv_t
configure:13330: result: yes
configure:13359: checking for sin
configure:13359: gcc -o conftest -g -O2   conftest.c  >&5
conftest.c:57:6: warning: conflicting types for built-in function 'sin'
/tmp/ccCJ7xVM.o: In function `main':
/mnt/HD_a2/www/pages/sports/libgd-gd-libgd-41ec485f5a30/src/conftest.c:68: undefined reference to `sin'
collect2: ld returned 1 exit status
configure:13359: $? = 1
configure: failed program was:
| /* confdefs.h */
| #define PACKAGE_NAME "GD"
| #define PACKAGE_TARNAME "gd"
| #define PACKAGE_VERSION "2.0.34"
| #define PACKAGE_STRING "GD 2.0.34"
| #define PACKAGE_BUGREPORT "http://bugs.libgd.org"
| #define PACKAGE_URL ""
| #define PACKAGE "gd"
| #define VERSION "2.0.34"
| #define STDC_HEADERS 1
| #define HAVE_SYS_TYPES_H 1
| #define HAVE_SYS_STAT_H 1
| #define HAVE_STDLIB_H 1
| #define HAVE_STRING_H 1
| #define HAVE_MEMORY_H 1
| #define HAVE_STRINGS_H 1
| #define HAVE_INTTYPES_H 1
| #define HAVE_STDINT_H 1
| #define HAVE_UNISTD_H 1
| #define HAVE_DLFCN_H 1
| #define LT_OBJDIR ".libs/"
| #define STDC_HEADERS 1
| #define HAVE_ERRNO_H 1
| #define HAVE_LIMITS_H 1
| #define HAVE_STDDEF_H 1
| #define HAVE_STDLIB_H 1
| #define HAVE_STRING_H 1
| #define HAVE_UNISTD_H 1
| #define HAVE_ICONV 1
| #define ICONV_CONST 
| #define HAVE_ICONV_H 1
| #define HAVE_ICONV_T_DEF 1
| /* end confdefs.h.  */
| /* Define sin to an innocuous variant, in case <limits.h> declares sin.
|    For example, HP-UX 11i <limits.h> declares gettimeofday.  */
| #define sin innocuous_sin
| 
| /* System header to define __stub macros and hopefully few prototypes,
|     which can conflict with char sin (); below.
|     Prefer <limits.h> to <assert.h> if __STDC__ is defined, since
|     <limits.h> exists even on freestanding compilers.  */
| 
| #ifdef __STDC__
| # include <limits.h>
| #else
| # include <assert.h>
| #endif
| 
| #undef sin
| 
| /* Override any GCC internal prototype to avoid an error.
|    Use char because int might match the return type of a GCC
|    builtin and then its argument prototype would still apply.  */
| #ifdef __cplusplus
| extern "C"
| #endif
| char sin ();
| /* The GNU C library defines this for functions which it implements
|     to always fail with ENOSYS.  Some functions are actually named
|     something starting with __ and the normal name is an alias.  */
| #if defined __stub_sin || defined __stub___sin
| choke me
| #endif
| 
| int
| main ()
| {
| return sin ();
|   ;
|   return 0;
| }
configure:13359: result: no
configure:13363: checking for sin in -lm
configure:13388: gcc -o conftest -g -O2   conftest.c -lm   >&5
conftest.c:41:6: warning: conflicting types for built-in function 'sin'
configure:13388: $? = 0
configure:13397: result: yes
configure:13411: checking for deflate in -lz
configure:13436: gcc -o conftest -g -O2   conftest.c -lz  -lm  >&5
configure:13436: $? = 0
configure:13445: result: yes
configure:13477: checking for libpng12-config
configure:13510: result: no
configure:13517: checking for libpng-config
configure:13535: found /ffp/bin/libpng-config
configure:13547: result: /ffp/bin/libpng-config
configure:13572: checking png.h usability
configure:13572: gcc -c -g -O2  conftest.c >&5
configure:13572: $? = 0
configure:13572: result: yes
configure:13572: checking png.h presence
configure:13572: gcc -E  conftest.c
configure:13572: $? = 0
configure:13572: result: yes
configure:13572: checking for png.h
configure:13572: result: yes
configure:13651: checking for png_create_read_struct in -lpng
configure:13676: gcc -o conftest -g -O2   -L/ffp/lib  conftest.c -lpng  -lz -lm  >&5
configure:13676: $? = 0
configure:13685: result: yes
configure:13819: checking for freetype-config
configure:13837: found /ffp/bin/freetype-config
configure:13849: result: /ffp/bin/freetype-config
configure:13882: checking for FT_Init_FreeType in -lfreetype
configure:13907: gcc -o conftest -g -O2 -I/ffp/include/freetype2 -I/ffp/include   -L/ffp/lib  -L/ffp/lib  conftest.c -lfreetype  -lpng -lz -lm  >&5
configure:13907: $? = 0
configure:13916: result: yes
configure:13935: checking ft2build.h usability
configure:13935: gcc -c -g -O2 -I/ffp/include/freetype2 -I/ffp/include  conftest.c >&5
configure:13935: $? = 0
configure:13935: result: yes
configure:13935: checking ft2build.h presence
configure:13935: gcc -E -I/ffp/include/freetype2 -I/ffp/include  conftest.c
configure:13935: $? = 0
configure:13935: result: yes
configure:13935: checking for ft2build.h
configure:13935: result: yes
configure:13969: checking for FcInit in -lfontconfig
configure:13994: gcc -o conftest -g -O2 -I/ffp/include/freetype2 -I/ffp/include   -L/ffp/lib  -L/ffp/lib  conftest.c -lfontconfig  -lfreetype -lpng -lz -lm  >&5
/ffp/bin/ld: cannot find -lfontconfig
collect2: ld returned 1 exit status
configure:13994: $? = 1
configure: failed program was:
| /* confdefs.h */
| #define PACKAGE_NAME "GD"
| #define PACKAGE_TARNAME "gd"
| #define PACKAGE_VERSION "2.0.34"
| #define PACKAGE_STRING "GD 2.0.34"
| #define PACKAGE_BUGREPORT "http://bugs.libgd.org"
| #define PACKAGE_URL ""
| #define PACKAGE "gd"
| #define VERSION "2.0.34"
| #define STDC_HEADERS 1
| #define HAVE_SYS_TYPES_H 1
| #define HAVE_SYS_STAT_H 1
| #define HAVE_STDLIB_H 1
| #define HAVE_STRING_H 1
| #define HAVE_MEMORY_H 1
| #define HAVE_STRINGS_H 1
| #define HAVE_INTTYPES_H 1
| #define HAVE_STDINT_H 1
| #define HAVE_UNISTD_H 1
| #define HAVE_DLFCN_H 1
| #define LT_OBJDIR ".libs/"
| #define STDC_HEADERS 1
| #define HAVE_ERRNO_H 1
| #define HAVE_LIMITS_H 1
| #define HAVE_STDDEF_H 1
| #define HAVE_STDLIB_H 1
| #define HAVE_STRING_H 1
| #define HAVE_UNISTD_H 1
| #define HAVE_ICONV 1
| #define ICONV_CONST 
| #define HAVE_ICONV_H 1
| #define HAVE_ICONV_T_DEF 1
| #define HAVE_LIBM 1
| #define HAVE_LIBZ 1
| #define HAVE_PNG_H 1
| #define HAVE_LIBPNG 1
| #define HAVE_LIBFREETYPE 1
| #define HAVE_FT2BUILD_H 1
| /* end confdefs.h.  */
| 
| /* Override any GCC internal prototype to avoid an error.
|    Use char because int might match the return type of a GCC
|    builtin and then its argument prototype would still apply.  */
| #ifdef __cplusplus
| extern "C"
| #endif
| char FcInit ();
| int
| main ()
| {
| return FcInit ();
|   ;
|   return 0;
| }
configure:14003: result: no
configure:14030: checking for jpeg_set_defaults in -ljpeg
configure:14055: gcc -o conftest -g -O2 -I/ffp/include/freetype2 -I/ffp/include   -L/ffp/lib  -L/ffp/lib  conftest.c -ljpeg  -lfreetype -lpng -lz -lm  >&5
configure:14055: $? = 0
configure:14064: result: yes
configure:14091: checking for XpmReadFileToXpmImage in -lXpm
configure:14116: gcc -o conftest -g -O2 -I/ffp/include/freetype2 -I/ffp/include   -L/ffp/lib  -L/ffp/lib  conftest.c -lXpm -lX11 -ljpeg -lfreetype -lpng -lz -lm  >&5
/ffp/bin/ld: cannot find -lXpm
/ffp/bin/ld: cannot find -lX11
collect2: ld returned 1 exit status
configure:14116: $? = 1
configure: failed program was:
| /* confdefs.h */
| #define PACKAGE_NAME "GD"
| #define PACKAGE_TARNAME "gd"
| #define PACKAGE_VERSION "2.0.34"
| #define PACKAGE_STRING "GD 2.0.34"
| #define PACKAGE_BUGREPORT "http://bugs.libgd.org"
| #define PACKAGE_URL ""
| #define PACKAGE "gd"
| #define VERSION "2.0.34"
| #define STDC_HEADERS 1
| #define HAVE_SYS_TYPES_H 1
| #define HAVE_SYS_STAT_H 1
| #define HAVE_STDLIB_H 1
| #define HAVE_STRING_H 1
| #define HAVE_MEMORY_H 1
| #define HAVE_STRINGS_H 1
| #define HAVE_INTTYPES_H 1
| #define HAVE_STDINT_H 1
| #define HAVE_UNISTD_H 1
| #define HAVE_DLFCN_H 1
| #define LT_OBJDIR ".libs/"
| #define STDC_HEADERS 1
| #define HAVE_ERRNO_H 1
| #define HAVE_LIMITS_H 1
| #define HAVE_STDDEF_H 1
| #define HAVE_STDLIB_H 1
| #define HAVE_STRING_H 1
| #define HAVE_UNISTD_H 1
| #define HAVE_ICONV 1
| #define ICONV_CONST 
| #define HAVE_ICONV_H 1
| #define HAVE_ICONV_T_DEF 1
| #define HAVE_LIBM 1
| #define HAVE_LIBZ 1
| #define HAVE_PNG_H 1
| #define HAVE_LIBPNG 1
| #define HAVE_LIBFREETYPE 1
| #define HAVE_FT2BUILD_H 1
| #define HAVE_LIBJPEG 1
| /* end confdefs.h.  */
| 
| /* Override any GCC internal prototype to avoid an error.
|    Use char because int might match the return type of a GCC
|    builtin and then its argument prototype would still apply.  */
| #ifdef __cplusplus
| extern "C"
| #endif
| char XpmReadFileToXpmImage ();
| int
| main ()
| {
| return XpmReadFileToXpmImage ();
|   ;
|   return 0;
| }
configure:14125: result: no
configure:14304: checking for the pthreads library -lpthreads
configure:14337: gcc -o conftest -g -O2  -I/ffp/include/freetype2 -I/ffp/include   -L/ffp/lib  -L/ffp/lib  conftest.c -lpthreads -ljpeg -lfreetype -lpng -lz -lm  >&5
/ffp/bin/ld: cannot find -lpthreads
collect2: ld returned 1 exit status
configure:14337: $? = 1
configure: failed program was:
| /* confdefs.h */
| #define PACKAGE_NAME "GD"
| #define PACKAGE_TARNAME "gd"
| #define PACKAGE_VERSION "2.0.34"
| #define PACKAGE_STRING "GD 2.0.34"
| #define PACKAGE_BUGREPORT "http://bugs.libgd.org"
| #define PACKAGE_URL ""
| #define PACKAGE "gd"
| #define VERSION "2.0.34"
| #define STDC_HEADERS 1
| #define HAVE_SYS_TYPES_H 1
| #define HAVE_SYS_STAT_H 1
| #define HAVE_STDLIB_H 1
| #define HAVE_STRING_H 1
| #define HAVE_MEMORY_H 1
| #define HAVE_STRINGS_H 1
| #define HAVE_INTTYPES_H 1
| #define HAVE_STDINT_H 1
| #define HAVE_UNISTD_H 1
| #define HAVE_DLFCN_H 1
| #define LT_OBJDIR ".libs/"
| #define STDC_HEADERS 1
| #define HAVE_ERRNO_H 1
| #define HAVE_LIMITS_H 1
| #define HAVE_STDDEF_H 1
| #define HAVE_STDLIB_H 1
| #define HAVE_STRING_H 1
| #define HAVE_UNISTD_H 1
| #define HAVE_ICONV 1
| #define ICONV_CONST 
| #define HAVE_ICONV_H 1
| #define HAVE_ICONV_T_DEF 1
| #define HAVE_LIBM 1
| #define HAVE_LIBZ 1
| #define HAVE_PNG_H 1
| #define HAVE_LIBPNG 1
| #define HAVE_LIBFREETYPE 1
| #define HAVE_FT2BUILD_H 1
| #define HAVE_LIBJPEG 1
| /* end confdefs.h.  */
| #include <pthread.h>
| int
| main ()
| {
| pthread_t th; pthread_join(th, 0);
|                      pthread_attr_init(0); pthread_cleanup_push(0, 0);
|                      pthread_create(0,0,0,0); pthread_cleanup_pop(0);
|   ;
|   return 0;
| }
configure:14346: result: no
configure:14249: checking whether pthreads work without any flags
configure:14337: gcc -o conftest -g -O2  -I/ffp/include/freetype2 -I/ffp/include   -L/ffp/lib  -L/ffp/lib  conftest.c  -ljpeg -lfreetype -lpng -lz -lm  >&5
/tmp/ccdwIuda.o: In function `main':
/mnt/HD_a2/www/pages/sports/libgd-gd-libgd-41ec485f5a30/src/conftest.c:45: undefined reference to `pthread_join'
/mnt/HD_a2/www/pages/sports/libgd-gd-libgd-41ec485f5a30/src/conftest.c:47: undefined reference to `pthread_create'
collect2: ld returned 1 exit status
configure:14337: $? = 1
configure: failed program was:
| /* confdefs.h */
| #define PACKAGE_NAME "GD"
| #define PACKAGE_TARNAME "gd"
| #define PACKAGE_VERSION "2.0.34"
| #define PACKAGE_STRING "GD 2.0.34"
| #define PACKAGE_BUGREPORT "http://bugs.libgd.org"
| #define PACKAGE_URL ""
| #define PACKAGE "gd"
| #define VERSION "2.0.34"
| #define STDC_HEADERS 1
| #define HAVE_SYS_TYPES_H 1
| #define HAVE_SYS_STAT_H 1
| #define HAVE_STDLIB_H 1
| #define HAVE_STRING_H 1
| #define HAVE_MEMORY_H 1
| #define HAVE_STRINGS_H 1
| #define HAVE_INTTYPES_H 1
| #define HAVE_STDINT_H 1
| #define HAVE_UNISTD_H 1
| #define HAVE_DLFCN_H 1
| #define LT_OBJDIR ".libs/"
| #define STDC_HEADERS 1
| #define HAVE_ERRNO_H 1
| #define HAVE_LIMITS_H 1
| #define HAVE_STDDEF_H 1
| #define HAVE_STDLIB_H 1
| #define HAVE_STRING_H 1
| #define HAVE_UNISTD_H 1
| #define HAVE_ICONV 1
| #define ICONV_CONST 
| #define HAVE_ICONV_H 1
| #define HAVE_ICONV_T_DEF 1
| #define HAVE_LIBM 1
| #define HAVE_LIBZ 1
| #define HAVE_PNG_H 1
| #define HAVE_LIBPNG 1
| #define HAVE_LIBFREETYPE 1
| #define HAVE_FT2BUILD_H 1
| #define HAVE_LIBJPEG 1
| /* end confdefs.h.  */
| #include <pthread.h>
| int
| main ()
| {
| pthread_t th; pthread_join(th, 0);
|                      pthread_attr_init(0); pthread_cleanup_push(0, 0);
|                      pthread_create(0,0,0,0); pthread_cleanup_pop(0);
|   ;
|   return 0;
| }
configure:14346: result: no
configure:14254: checking whether pthreads work with -Kthread
configure:14337: gcc -o conftest -g -O2 -Kthread -I/ffp/include/freetype2 -I/ffp/include   -L/ffp/lib  -L/ffp/lib  conftest.c  -ljpeg -lfreetype -lpng -lz -lm  >&5
gcc: unrecognized option '-Kthread'
/tmp/ccm8dfHQ.o: In function `main':
/mnt/HD_a2/www/pages/sports/libgd-gd-libgd-41ec485f5a30/src/conftest.c:45: undefined reference to `pthread_join'
/mnt/HD_a2/www/pages/sports/libgd-gd-libgd-41ec485f5a30/src/conftest.c:47: undefined reference to `pthread_create'
collect2: ld returned 1 exit status
configure:14337: $? = 1
configure: failed program was:
| /* confdefs.h */
| #define PACKAGE_NAME "GD"
| #define PACKAGE_TARNAME "gd"
| #define PACKAGE_VERSION "2.0.34"
| #define PACKAGE_STRING "GD 2.0.34"
| #define PACKAGE_BUGREPORT "http://bugs.libgd.org"
| #define PACKAGE_URL ""
| #define PACKAGE "gd"
| #define VERSION "2.0.34"
| #define STDC_HEADERS 1
| #define HAVE_SYS_TYPES_H 1
| #define HAVE_SYS_STAT_H 1
| #define HAVE_STDLIB_H 1
| #define HAVE_STRING_H 1
| #define HAVE_MEMORY_H 1
| #define HAVE_STRINGS_H 1
| #define HAVE_INTTYPES_H 1
| #define HAVE_STDINT_H 1
| #define HAVE_UNISTD_H 1
| #define HAVE_DLFCN_H 1
| #define LT_OBJDIR ".libs/"
| #define STDC_HEADERS 1
| #define HAVE_ERRNO_H 1
| #define HAVE_LIMITS_H 1
| #define HAVE_STDDEF_H 1
| #define HAVE_STDLIB_H 1
| #define HAVE_STRING_H 1
| #define HAVE_UNISTD_H 1
| #define HAVE_ICONV 1
| #define ICONV_CONST 
| #define HAVE_ICONV_H 1
| #define HAVE_ICONV_T_DEF 1
| #define HAVE_LIBM 1
| #define HAVE_LIBZ 1
| #define HAVE_PNG_H 1
| #define HAVE_LIBPNG 1
| #define HAVE_LIBFREETYPE 1
| #define HAVE_FT2BUILD_H 1
| #define HAVE_LIBJPEG 1
| /* end confdefs.h.  */
| #include <pthread.h>
| int
| main ()
| {
| pthread_t th; pthread_join(th, 0);
|                      pthread_attr_init(0); pthread_cleanup_push(0, 0);
|                      pthread_create(0,0,0,0); pthread_cleanup_pop(0);
|   ;
|   return 0;
| }
configure:14346: result: no
configure:14254: checking whether pthreads work with -kthread
configure:14337: gcc -o conftest -g -O2 -kthread -I/ffp/include/freetype2 -I/ffp/include   -L/ffp/lib  -L/ffp/lib  conftest.c  -ljpeg -lfreetype -lpng -lz -lm  >&5
gcc: unrecognized option '-kthread'
/tmp/cc0NYvUq.o: In function `main':
/mnt/HD_a2/www/pages/sports/libgd-gd-libgd-41ec485f5a30/src/conftest.c:45: undefined reference to `pthread_join'
/mnt/HD_a2/www/pages/sports/libgd-gd-libgd-41ec485f5a30/src/conftest.c:47: undefined reference to `pthread_create'
collect2: ld returned 1 exit status
configure:14337: $? = 1
configure: failed program was:
| /* confdefs.h */
| #define PACKAGE_NAME "GD"
| #define PACKAGE_TARNAME "gd"
| #define PACKAGE_VERSION "2.0.34"
| #define PACKAGE_STRING "GD 2.0.34"
| #define PACKAGE_BUGREPORT "http://bugs.libgd.org"
| #define PACKAGE_URL ""
| #define PACKAGE "gd"
| #define VERSION "2.0.34"
| #define STDC_HEADERS 1
| #define HAVE_SYS_TYPES_H 1
| #define HAVE_SYS_STAT_H 1
| #define HAVE_STDLIB_H 1
| #define HAVE_STRING_H 1
| #define HAVE_MEMORY_H 1
| #define HAVE_STRINGS_H 1
| #define HAVE_INTTYPES_H 1
| #define HAVE_STDINT_H 1
| #define HAVE_UNISTD_H 1
| #define HAVE_DLFCN_H 1
| #define LT_OBJDIR ".libs/"
| #define STDC_HEADERS 1
| #define HAVE_ERRNO_H 1
| #define HAVE_LIMITS_H 1
| #define HAVE_STDDEF_H 1
| #define HAVE_STDLIB_H 1
| #define HAVE_STRING_H 1
| #define HAVE_UNISTD_H 1
| #define HAVE_ICONV 1
| #define ICONV_CONST 
| #define HAVE_ICONV_H 1
| #define HAVE_ICONV_T_DEF 1
| #define HAVE_LIBM 1
| #define HAVE_LIBZ 1
| #define HAVE_PNG_H 1
| #define HAVE_LIBPNG 1
| #define HAVE_LIBFREETYPE 1
| #define HAVE_FT2BUILD_H 1
| #define HAVE_LIBJPEG 1
| /* end confdefs.h.  */
| #include <pthread.h>
| int
| main ()
| {
| pthread_t th; pthread_join(th, 0);
|                      pthread_attr_init(0); pthread_cleanup_push(0, 0);
|                      pthread_create(0,0,0,0); pthread_cleanup_pop(0);
|   ;
|   return 0;
| }
configure:14346: result: no
configure:14304: checking for the pthreads library -llthread
configure:14337: gcc -o conftest -g -O2  -I/ffp/include/freetype2 -I/ffp/include   -L/ffp/lib  -L/ffp/lib  conftest.c -llthread -ljpeg -lfreetype -lpng -lz -lm  >&5
/ffp/bin/ld: cannot find -llthread
collect2: ld returned 1 exit status
configure:14337: $? = 1
configure: failed program was:
| /* confdefs.h */
| #define PACKAGE_NAME "GD"
| #define PACKAGE_TARNAME "gd"
| #define PACKAGE_VERSION "2.0.34"
| #define PACKAGE_STRING "GD 2.0.34"
| #define PACKAGE_BUGREPORT "http://bugs.libgd.org"
| #define PACKAGE_URL ""
| #define PACKAGE "gd"
| #define VERSION "2.0.34"
| #define STDC_HEADERS 1
| #define HAVE_SYS_TYPES_H 1
| #define HAVE_SYS_STAT_H 1
| #define HAVE_STDLIB_H 1
| #define HAVE_STRING_H 1
| #define HAVE_MEMORY_H 1
| #define HAVE_STRINGS_H 1
| #define HAVE_INTTYPES_H 1
| #define HAVE_STDINT_H 1
| #define HAVE_UNISTD_H 1
| #define HAVE_DLFCN_H 1
| #define LT_OBJDIR ".libs/"
| #define STDC_HEADERS 1
| #define HAVE_ERRNO_H 1
| #define HAVE_LIMITS_H 1
| #define HAVE_STDDEF_H 1
| #define HAVE_STDLIB_H 1
| #define HAVE_STRING_H 1
| #define HAVE_UNISTD_H 1
| #define HAVE_ICONV 1
| #define ICONV_CONST 
| #define HAVE_ICONV_H 1
| #define HAVE_ICONV_T_DEF 1
| #define HAVE_LIBM 1
| #define HAVE_LIBZ 1
| #define HAVE_PNG_H 1
| #define HAVE_LIBPNG 1
| #define HAVE_LIBFREETYPE 1
| #define HAVE_FT2BUILD_H 1
| #define HAVE_LIBJPEG 1
| /* end confdefs.h.  */
| #include <pthread.h>
| int
| main ()
| {
| pthread_t th; pthread_join(th, 0);
|                      pthread_attr_init(0); pthread_cleanup_push(0, 0);
|                      pthread_create(0,0,0,0); pthread_cleanup_pop(0);
|   ;
|   return 0;
| }
configure:14346: result: no
configure:14254: checking whether pthreads work with -pthread
configure:14337: gcc -o conftest -g -O2 -pthread -I/ffp/include/freetype2 -I/ffp/include   -L/ffp/lib  -L/ffp/lib  conftest.c  -ljpeg -lfreetype -lpng -lz -lm  >&5
configure:14337: $? = 0
configure:14346: result: yes
configure:14365: checking for joinable pthread attribute
configure:14380: gcc -o conftest -g -O2 -pthread -I/ffp/include/freetype2 -I/ffp/include   -L/ffp/lib  -L/ffp/lib  conftest.c  -ljpeg -lfreetype -lpng -lz -lm  >&5
configure:14380: $? = 0
configure:14386: result: PTHREAD_CREATE_JOINABLE
configure:14396: checking if more special flags are required for pthreads
configure:14403: result: no
configure:14495: result:
** Configuration summary for gd 2.0.34:

   Support for PNG library:          yes
   Support for JPEG library:         yes
   Support for Freetype 2.x library: yes
   Support for Fontconfig library:   no
   Support for Xpm library:          no
   Support for pthreads:             yes

configure:14644: creating ./config.status

## ---------------------- ##
## Running config.status. ##
## ---------------------- ##

This file was extended by GD config.status 2.0.34, which was
generated by GNU Autoconf 2.68.  Invocation command line was

  CONFIG_FILES    = 
  CONFIG_HEADERS  = 
  CONFIG_LINKS    = 
  CONFIG_COMMANDS = 
  $ ./config.status 

on ARIANE

config.status:1125: creating Makefile
config.status:1125: creating config/Makefile
config.status:1125: creating config/gdlib-config
config.status:1125: creating test/Makefile
config.status:1125: creating config.h
config.status:1354: executing depfiles commands
config.status:1354: executing libtool commands

## ---------------- ##
## Cache variables. ##
## ---------------- ##

ac_cv_build=armv5tejl-unknown-linux-uclibc
ac_cv_c_compiler_gnu=yes
ac_cv_env_CC_set=
ac_cv_env_CC_value=
ac_cv_env_CFLAGS_set=
ac_cv_env_CFLAGS_value=
ac_cv_env_CPPFLAGS_set=
ac_cv_env_CPPFLAGS_value=
ac_cv_env_CPP_set=
ac_cv_env_CPP_value=
ac_cv_env_LDFLAGS_set=
ac_cv_env_LDFLAGS_value=
ac_cv_env_LIBS_set=
ac_cv_env_LIBS_value=
ac_cv_env_XMKMF_set=
ac_cv_env_XMKMF_value=
ac_cv_env_build_alias_set=
ac_cv_env_build_alias_value=
ac_cv_env_host_alias_set=
ac_cv_env_host_alias_value=
ac_cv_env_target_alias_set=
ac_cv_env_target_alias_value=
ac_cv_func_sin=no
ac_cv_have_x=have_x=no
ac_cv_header_dlfcn_h=yes
ac_cv_header_errno_h=yes
ac_cv_header_ft2build_h=yes
ac_cv_header_iconv_h=yes
ac_cv_header_inttypes_h=yes
ac_cv_header_limits_h=yes
ac_cv_header_memory_h=yes
ac_cv_header_png_h=yes
ac_cv_header_stdc=yes
ac_cv_header_stddef_h=yes
ac_cv_header_stdint_h=yes
ac_cv_header_stdlib_h=yes
ac_cv_header_string_h=yes
ac_cv_header_strings_h=yes
ac_cv_header_sys_stat_h=yes
ac_cv_header_sys_types_h=yes
ac_cv_header_unistd_h=yes
ac_cv_host=armv5tejl-unknown-linux-uclibc
ac_cv_lib_Xpm_XpmReadFileToXpmImage=no
ac_cv_lib_fontconfig_FcInit=no
ac_cv_lib_freetype_FT_Init_FreeType=yes
ac_cv_lib_jpeg_jpeg_set_defaults=yes
ac_cv_lib_m_sin=yes
ac_cv_lib_png_png_create_read_struct=yes
ac_cv_lib_z_deflate=yes
ac_cv_objext=o
ac_cv_path_EGREP='/ffp/bin/grep -E'
ac_cv_path_FGREP='/ffp/bin/grep -F'
ac_cv_path_FREETYPE_CONFIG=/ffp/bin/freetype-config
ac_cv_path_GREP=/ffp/bin/grep
ac_cv_path_LIBPNG_CONFIG=/ffp/bin/libpng-config
ac_cv_path_SED=/ffp/bin/sed
ac_cv_path_install='/ffp/bin/install -c'
ac_cv_path_mkdir=/ffp/bin/mkdir
ac_cv_prog_AWK=gawk
ac_cv_prog_CPP='gcc -E'
ac_cv_prog_ac_ct_AR=ar
ac_cv_prog_ac_ct_CC=gcc
ac_cv_prog_ac_ct_OBJDUMP=objdump
ac_cv_prog_ac_ct_RANLIB=ranlib
ac_cv_prog_ac_ct_STRIP=strip
ac_cv_prog_cc_c89=
ac_cv_prog_cc_g=yes
ac_cv_prog_make_make_set=yes
acl_cv_hardcode_direct=no
acl_cv_hardcode_libdir_flag_spec='${wl}-rpath ${wl}$libdir'
acl_cv_hardcode_libdir_separator=
acl_cv_hardcode_minus_L=no
acl_cv_libext=a
acl_cv_path_LD=/ffp/bin/ld
acl_cv_prog_gnu_ld=yes
acl_cv_rpath=done
acl_cv_shlibext=
acl_cv_sys_lib_dlsearch_path_spec='/lib /usr/lib'
acl_cv_sys_lib_search_path_spec='/lib /usr/lib /usr/local/lib'
acl_cv_wl=-Wl,
am_cv_CC_dependencies_compiler_type=gcc3
am_cv_func_iconv=yes
am_cv_func_iconv_works=yes
am_cv_lib_iconv=yes
am_cv_prog_cc_stdc=
am_cv_proto_iconv='extern size_t iconv (iconv_t cd, char * *inbuf, size_t *inbytesleft, char * *outbuf, size_t *outbytesleft);'
am_cv_proto_iconv_arg1=
lt_cv_ar_at_file=@
lt_cv_archive_cmds_need_lc=no
lt_cv_deplibs_check_method=pass_all
lt_cv_file_magic_cmd='$MAGIC_CMD'
lt_cv_file_magic_test_file=
lt_cv_ld_reload_flag=-r
lt_cv_nm_interface='BSD nm'
lt_cv_objdir=.libs
lt_cv_path_LD=/ffp/bin/ld
lt_cv_path_NM='/ffp/bin/nm -B'
lt_cv_path_mainfest_tool=no
lt_cv_prog_compiler_c_o=yes
lt_cv_prog_compiler_pic='-fPIC -DPIC'
lt_cv_prog_compiler_pic_works=yes
lt_cv_prog_compiler_rtti_exceptions=no
lt_cv_prog_compiler_static_works=yes
lt_cv_prog_gnu_ld=yes
lt_cv_sharedlib_from_linklib_cmd='printf %s\n'
lt_cv_shlibpath_overrides_runpath=no
lt_cv_sys_global_symbol_pipe='sed -n -e '\''s/^.*[	 ]\([ABCDGIRSTW][ABCDGIRSTW]*\)[	 ][	 ]*\([_A-Za-z][_A-Za-z0-9]*\)$/\1 \2 \2/p'\'' | sed '\''/ __gnu_lto/d'\'''
lt_cv_sys_global_symbol_to_c_name_address='sed -n -e '\''s/^: \([^ ]*\)[ ]*$/  {\"\1\", (void *) 0},/p'\'' -e '\''s/^[ABCDGIRSTW]* \([^ ]*\) \([^ ]*\)$/  {"\2", (void *) \&\2},/p'\'''
lt_cv_sys_global_symbol_to_c_name_address_lib_prefix='sed -n -e '\''s/^: \([^ ]*\)[ ]*$/  {\"\1\", (void *) 0},/p'\'' -e '\''s/^[ABCDGIRSTW]* \([^ ]*\) \(lib[^ ]*\)$/  {"\2", (void *) \&\2},/p'\'' -e '\''s/^[ABCDGIRSTW]* \([^ ]*\) \([^ ]*\)$/  {"lib\2", (void *) \&\2},/p'\'''
lt_cv_sys_global_symbol_to_cdecl='sed -n -e '\''s/^T .* \(.*\)$/extern int \1();/p'\'' -e '\''s/^[ABCDGIRSTW]* .* \(.*\)$/extern char \1;/p'\'''
lt_cv_sys_max_cmd_len=32768
lt_cv_to_host_file_cmd=func_convert_file_noop
lt_cv_to_tool_file_cmd=func_convert_file_noop

## ----------------- ##
## Output variables. ##
## ----------------- ##

ACLOCAL='${SHELL} /mnt/HD_a2/www/pages/sports/libgd-gd-libgd-41ec485f5a30/src/config/missing --run aclocal-1.11'
AMDEPBACKSLASH='\'
AMDEP_FALSE='#'
AMDEP_TRUE=''
AMTAR='$${TAR-tar}'
AR='ar'
AUTOCONF='${SHELL} /mnt/HD_a2/www/pages/sports/libgd-gd-libgd-41ec485f5a30/src/config/missing --run autoconf'
AUTOHEADER='${SHELL} /mnt/HD_a2/www/pages/sports/libgd-gd-libgd-41ec485f5a30/src/config/missing --run autoheader'
AUTOMAKE='${SHELL} /mnt/HD_a2/www/pages/sports/libgd-gd-libgd-41ec485f5a30/src/config/missing --run automake-1.11'
AWK='gawk'
CC='gcc'
CCDEPMODE='depmode=gcc3'
CFLAGS='-g -O2'
CPP='gcc -E'
CPPFLAGS='-I/ffp/include/freetype2 -I/ffp/include '
CYGPATH_W='echo'
DEFS='-DHAVE_CONFIG_H'
DEPDIR='.deps'
DLLTOOL='false'
DSYMUTIL=''
DUMPBIN=''
ECHO_C=''
ECHO_N='-n'
ECHO_T=''
EGREP='/ffp/bin/grep -E'
EXEEXT=''
FEATURES='GD_JPEG GD_FREETYPE GD_PNG GD_GIF GD_GIFANIM GD_OPENPOLYGON'
FGREP='/ffp/bin/grep -F'
FREETYPE_CONFIG='/ffp/bin/freetype-config'
GDLIBNAME='gd'
GDLIB_MAJOR='2'
GDLIB_MINOR='0'
GDLIB_REVISION='34'
GREP='/ffp/bin/grep'
INSTALL_DATA='${INSTALL} -m 644'
INSTALL_PROGRAM='${INSTALL}'
INSTALL_SCRIPT='${INSTALL}'
INSTALL_STRIP_PROGRAM='$(install_sh) -c -s'
LD='/ffp/bin/ld'
LDFLAGS=' -L/ffp/lib  -L/ffp/lib '
LIBICONV='-liconv'
LIBOBJS=''
LIBPNG12_CONFIG=''
LIBPNG_CONFIG='/ffp/bin/libpng-config'
LIBS='-ljpeg -lfreetype -lpng -lz -lm '
LIBTOOL='$(SHELL) $(top_builddir)/libtool'
LIPO=''
LN_S='ln -s'
LTLIBICONV='-liconv'
LTLIBOBJS=''
MAKEINFO='${SHELL} /mnt/HD_a2/www/pages/sports/libgd-gd-libgd-41ec485f5a30/src/config/missing --run makeinfo'
MANIFEST_TOOL=':'
MKDIR_P='/ffp/bin/mkdir -p'
NM='/ffp/bin/nm -B'
NMEDIT=''
OBJDUMP='objdump'
OBJEXT='o'
OTOOL64=''
OTOOL=''
PACKAGE='gd'
PACKAGE_BUGREPORT='http://bugs.libgd.org'
PACKAGE_NAME='GD'
PACKAGE_STRING='GD 2.0.34'
PACKAGE_TARNAME='gd'
PACKAGE_URL=''
PACKAGE_VERSION='2.0.34'
PATH_SEPARATOR=':'
PTHREAD_CC='gcc'
PTHREAD_CFLAGS='-pthread'
PTHREAD_LIBS=''
RANLIB='ranlib'
SED='/ffp/bin/sed'
SET_MAKE=''
SHELL='/ffp/bin/sh'
STRIP='strip'
VERSION='2.0.34'
XMKMF=''
ac_ct_AR='ar'
ac_ct_CC='gcc'
ac_ct_DUMPBIN=''
acx_pthread_config=''
am__EXEEXT_FALSE=''
am__EXEEXT_TRUE='#'
am__fastdepCC_FALSE='#'
am__fastdepCC_TRUE=''
am__include='include'
am__isrc=''
am__leading_dot='.'
am__nodep='_no'
am__quote=''
am__tar='$${TAR-tar} chof - "$$tardir"'
am__untar='$${TAR-tar} xf -'
bindir='${exec_prefix}/bin'
build='armv5tejl-unknown-linux-uclibc'
build_alias=''
build_cpu='armv5tejl'
build_os='linux-uclibc'
build_vendor='unknown'
datadir='${datarootdir}'
datarootdir='${prefix}/share'
docdir='${datarootdir}/doc/${PACKAGE_TARNAME}'
dvidir='${docdir}'
exec_prefix='${prefix}'
host='armv5tejl-unknown-linux-uclibc'
host_alias=''
host_cpu='armv5tejl'
host_os='linux-uclibc'
host_vendor='unknown'
htmldir='${docdir}'
includedir='${prefix}/include'
infodir='${datarootdir}/info'
install_sh='${SHELL} /mnt/HD_a2/www/pages/sports/libgd-gd-libgd-41ec485f5a30/src/config/install-sh'
libdir='${exec_prefix}/lib'
libexecdir='${exec_prefix}/libexec'
localedir='${datarootdir}/locale'
localstatedir='${prefix}/var'
mandir='${datarootdir}/man'
mkdir_p='/ffp/bin/mkdir -p'
oldincludedir='/usr/include'
pdfdir='${docdir}'
prefix='/ffp'
program_transform_name='s,x,x,'
psdir='${docdir}'
sbindir='${exec_prefix}/sbin'
sharedstatedir='${prefix}/com'
sysconfdir='${prefix}/etc'
target_alias=''

## ----------- ##
## confdefs.h. ##
## ----------- ##

/* confdefs.h */
#define PACKAGE_NAME "GD"
#define PACKAGE_TARNAME "gd"
#define PACKAGE_VERSION "2.0.34"
#define PACKAGE_STRING "GD 2.0.34"
#define PACKAGE_BUGREPORT "http://bugs.libgd.org"
#define PACKAGE_URL ""
#define PACKAGE "gd"
#define VERSION "2.0.34"
#define STDC_HEADERS 1
#define HAVE_SYS_TYPES_H 1
#define HAVE_SYS_STAT_H 1
#define HAVE_STDLIB_H 1
#define HAVE_STRING_H 1
#define HAVE_MEMORY_H 1
#define HAVE_STRINGS_H 1
#define HAVE_INTTYPES_H 1
#define HAVE_STDINT_H 1
#define HAVE_UNISTD_H 1
#define HAVE_DLFCN_H 1
#define LT_OBJDIR ".libs/"
#define STDC_HEADERS 1
#define HAVE_ERRNO_H 1
#define HAVE_LIMITS_H 1
#define HAVE_STDDEF_H 1
#define HAVE_STDLIB_H 1
#define HAVE_STRING_H 1
#define HAVE_UNISTD_H 1
#define HAVE_ICONV 1
#define ICONV_CONST 
#define HAVE_ICONV_H 1
#define HAVE_ICONV_T_DEF 1
#define HAVE_LIBM 1
#define HAVE_LIBZ 1
#define HAVE_PNG_H 1
#define HAVE_LIBPNG 1
#define HAVE_LIBFREETYPE 1
#define HAVE_FT2BUILD_H 1
#define HAVE_LIBJPEG 1
#define HAVE_PTHREAD 1

configure: exit 0

## ---------------------- ##
## Running config.status. ##
## ---------------------- ##

This file was extended by GD config.status 2.0.34, which was
generated by GNU Autoconf 2.68.  Invocation command line was

  CONFIG_FILES    = 
  CONFIG_HEADERS  = 
  CONFIG_LINKS    = 
  CONFIG_COMMANDS = 
  $ ./config.status 

on ARIANE

config.status:1125: creating Makefile
config.status:1125: creating config/Makefile
config.status:1125: creating config/gdlib-config
config.status:1125: creating test/Makefile
config.status:1125: creating config.h
config.status:1306: config.h is unchanged
config.status:1354: executing depfiles commands
config.status:1354: executing libtool commands

## ---------------------- ##
## Running config.status. ##
## ---------------------- ##

This file was extended by GD config.status 2.0.34, which was
generated by GNU Autoconf 2.68.  Invocation command line was

  CONFIG_FILES    = 
  CONFIG_HEADERS  = 
  CONFIG_LINKS    = 
  CONFIG_COMMANDS = 
  $ ./config.status config.h

on ARIANE

config.status:1125: creating config.h
config.status:1306: config.h is unchanged
